<?xml version="1.0" encoding="UTF-8"?>
<testsuite name="TicTacToeTest" tests="1" skipped="0" failures="0" errors="0" timestamp="2021-09-28T21:26:36" hostname="SISTE789" time="0.06">
  <properties/>
  <testcase name="start" classname="TicTacToeTest" time="0.06"/>
  <system-out><![CDATA[?[1;31m
Start test 1?[0m
X O X
O X O
]]></system-out>
  <system-err><![CDATA[]]></system-err>
</testsuite>
